This file contains any messages produced by compilers while
running configure, to aid debugging if configure makes a mistake.

It was created by musg2tool configure 1.0, which was
generated by GNU Autoconf 2.69.  Invocation command line was

  $ /home/xforce/eclipse-workspace-cpp/musg2tool/configure --no-create --no-recursion

## --------- ##
## Platform. ##
## --------- ##

hostname = enforcer
uname -m = x86_64
uname -r = 4.15.0-23-generic
uname -s = Linux
uname -v = #25-Ubuntu SMP Wed May 23 18:02:16 UTC 2018

/usr/bin/uname -p = unknown
/bin/uname -X     = unknown

/bin/arch              = unknown
/usr/bin/arch -k       = unknown
/usr/convex/getsysinfo = unknown
/usr/bin/hostinfo      = unknown
/bin/machine           = unknown
/usr/bin/oslevel       = unknown
/bin/universe          = unknown

PATH: /usr/local/sbin
PATH: /usr/local/bin
PATH: /usr/sbin
PATH: /usr/bin
PATH: /sbin
PATH: /bin
PATH: /usr/games
PATH: /usr/local/games
PATH: /snap/bin
PATH: /usr/lib/jvm/java-8-oracle/bin
PATH: /usr/lib/jvm/java-8-oracle/db/bin
PATH: /usr/lib/jvm/java-8-oracle/jre/bin


## ----------- ##
## Core tests. ##
## ----------- ##

configure:1847: checking build system type
configure:1861: result: x86_64-pc-linux-gnu
configure:1881: checking host system type
configure:1894: result: x86_64-pc-linux-gnu
configure:1914: checking target system type
configure:1927: result: x86_64-pc-linux-gnu
configure:1970: checking for a BSD-compatible install
configure:2038: result: /usr/bin/install -c
configure:2049: checking whether build environment is sane
configure:2104: result: yes
configure:2255: checking for a thread-safe mkdir -p
configure:2294: result: /bin/mkdir -p
configure:2301: checking for gawk
configure:2331: result: no
configure:2301: checking for mawk
configure:2317: found /usr/bin/mawk
configure:2328: result: mawk
configure:2339: checking whether make sets $(MAKE)
configure:2361: result: yes
configure:2390: checking whether make supports nested variables
configure:2407: result: yes
configure:2582: checking for gcc
configure:2598: found /usr/bin/gcc
configure:2609: result: gcc
configure:2838: checking for C compiler version
configure:2847: gcc --version >&5
gcc (Ubuntu 7.3.0-16ubuntu3) 7.3.0
Copyright (C) 2017 Free Software Foundation, Inc.
This is free software; see the source for copying conditions.  There is NO
warranty; not even for MERCHANTABILITY or FITNESS FOR A PARTICULAR PURPOSE.

configure:2858: $? = 0
configure:2847: gcc -v >&5
Using built-in specs.
COLLECT_GCC=gcc
COLLECT_LTO_WRAPPER=/usr/lib/gcc/x86_64-linux-gnu/7/lto-wrapper
OFFLOAD_TARGET_NAMES=nvptx-none
OFFLOAD_TARGET_DEFAULT=1
Target: x86_64-linux-gnu
Configured with: ../src/configure -v --with-pkgversion='Ubuntu 7.3.0-16ubuntu3' --with-bugurl=file:///usr/share/doc/gcc-7/README.Bugs --enable-languages=c,ada,c++,go,brig,d,fortran,objc,obj-c++ --prefix=/usr --with-gcc-major-version-only --with-as=/usr/bin/x86_64-linux-gnu-as --with-ld=/usr/bin/x86_64-linux-gnu-ld --program-suffix=-7 --program-prefix=x86_64-linux-gnu- --enable-shared --enable-linker-build-id --libexecdir=/usr/lib --without-included-gettext --enable-threads=posix --libdir=/usr/lib --enable-nls --with-sysroot=/ --enable-clocale=gnu --enable-libstdcxx-debug --enable-libstdcxx-time=yes --with-default-libstdcxx-abi=new --enable-gnu-unique-object --disable-vtable-verify --enable-libmpx --enable-plugin --enable-default-pie --with-system-zlib --with-target-system-zlib --enable-objc-gc=auto --enable-multiarch --disable-werror --with-arch-32=i686 --with-abi=m64 --with-multilib-list=m32,m64,mx32 --enable-multilib --with-tune=generic --enable-offload-targets=nvptx-none --without-cuda-driver --enable-checking=release --build=x86_64-linux-gnu --host=x86_64-linux-gnu --target=x86_64-linux-gnu
Thread model: posix
gcc version 7.3.0 (Ubuntu 7.3.0-16ubuntu3) 
configure:2858: $? = 0
configure:2847: gcc -V >&5
gcc: error: unrecognized command line option '-V'
gcc: fatal error: no input files
compilation terminated.
configure:2858: $? = 1
configure:2847: gcc -qversion >&5
gcc: error: unrecognized command line option '-qversion'; did you mean '--version'?
gcc: fatal error: no input files
compilation terminated.
configure:2858: $? = 1
configure:2878: checking whether the C compiler works
configure:2900: gcc    conftest.c  >&5
configure:2904: $? = 0
configure:2952: result: yes
configure:2955: checking for C compiler default output file name
configure:2957: result: a.out
configure:2963: checking for suffix of executables
configure:2970: gcc -o conftest    conftest.c  >&5
configure:2974: $? = 0
configure:2996: result: 
configure:3018: checking whether we are cross compiling
configure:3026: gcc -o conftest    conftest.c  >&5
configure:3030: $? = 0
configure:3037: ./conftest
configure:3041: $? = 0
configure:3056: result: no
configure:3061: checking for suffix of object files
configure:3083: gcc -c   conftest.c >&5
configure:3087: $? = 0
configure:3108: result: o
configure:3112: checking whether we are using the GNU C compiler
configure:3131: gcc -c   conftest.c >&5
configure:3131: $? = 0
configure:3140: result: yes
configure:3149: checking whether gcc accepts -g
configure:3169: gcc -c -g  conftest.c >&5
configure:3169: $? = 0
configure:3210: result: yes
configure:3227: checking for gcc option to accept ISO C89
configure:3290: gcc  -c -g -O2  conftest.c >&5
configure:3290: $? = 0
configure:3303: result: none needed
configure:3328: checking whether gcc understands -c and -o together
configure:3350: gcc -c conftest.c -o conftest2.o
configure:3353: $? = 0
configure:3350: gcc -c conftest.c -o conftest2.o
configure:3353: $? = 0
configure:3365: result: yes
configure:3393: checking for style of include used by make
configure:3421: result: GNU
configure:3447: checking dependency style of gcc
configure:3558: result: gcc3
configure:3721: checking that generated files are newer than configure
configure:3727: result: done
configure:3750: creating ./config.status

## ---------------- ##
## Cache variables. ##
## ---------------- ##

ac_cv_build=x86_64-pc-linux-gnu
ac_cv_c_compiler_gnu=yes
ac_cv_env_CC_set=
ac_cv_env_CC_value=
ac_cv_env_CFLAGS_set=
ac_cv_env_CFLAGS_value=
ac_cv_env_CPPFLAGS_set=
ac_cv_env_CPPFLAGS_value=
ac_cv_env_LDFLAGS_set=
ac_cv_env_LDFLAGS_value=
ac_cv_env_LIBS_set=
ac_cv_env_LIBS_value=
ac_cv_env_build_alias_set=
ac_cv_env_build_alias_value=
ac_cv_env_host_alias_set=
ac_cv_env_host_alias_value=
ac_cv_env_target_alias_set=
ac_cv_env_target_alias_value=
ac_cv_host=x86_64-pc-linux-gnu
ac_cv_objext=o
ac_cv_path_install='/usr/bin/install -c'
ac_cv_path_mkdir=/bin/mkdir
ac_cv_prog_AWK=mawk
ac_cv_prog_ac_ct_CC=gcc
ac_cv_prog_cc_c89=
ac_cv_prog_cc_g=yes
ac_cv_prog_make_make_set=yes
ac_cv_target=x86_64-pc-linux-gnu
am_cv_CC_dependencies_compiler_type=gcc3
am_cv_make_support_nested_variables=yes
am_cv_prog_cc_c_o=yes

## ----------------- ##
## Output variables. ##
## ----------------- ##

ACLOCAL='${SHELL} /home/xforce/eclipse-workspace-cpp/musg2tool/missing aclocal-1.15'
AMDEPBACKSLASH='\'
AMDEP_FALSE='#'
AMDEP_TRUE=''
AMTAR='$${TAR-tar}'
AM_BACKSLASH='\'
AM_DEFAULT_V='$(AM_DEFAULT_VERBOSITY)'
AM_DEFAULT_VERBOSITY='1'
AM_V='$(V)'
AUTOCONF='${SHELL} /home/xforce/eclipse-workspace-cpp/musg2tool/missing autoconf'
AUTOHEADER='${SHELL} /home/xforce/eclipse-workspace-cpp/musg2tool/missing autoheader'
AUTOMAKE='${SHELL} /home/xforce/eclipse-workspace-cpp/musg2tool/missing automake-1.15'
AWK='mawk'
CC='gcc'
CCDEPMODE='depmode=gcc3'
CFLAGS='-g -O2'
CPPFLAGS=''
CYGPATH_W='echo'
DEFS='-DPACKAGE_NAME=\"musg2tool\" -DPACKAGE_TARNAME=\"musg2tool\" -DPACKAGE_VERSION=\"1.0\" -DPACKAGE_STRING=\"musg2tool\ 1.0\" -DPACKAGE_BUGREPORT=\"\" -DPACKAGE_URL=\"\" -DPACKAGE=\"musg2tool\" -DVERSION=\"1.0\"'
DEPDIR='.deps'
ECHO_C=''
ECHO_N='-n'
ECHO_T=''
EXEEXT=''
INSTALL_DATA='${INSTALL} -m 644'
INSTALL_PROGRAM='${INSTALL}'
INSTALL_SCRIPT='${INSTALL}'
INSTALL_STRIP_PROGRAM='$(install_sh) -c -s'
LDFLAGS=''
LIBOBJS=''
LIBS=''
LTLIBOBJS=''
MAKEINFO='${SHELL} /home/xforce/eclipse-workspace-cpp/musg2tool/missing makeinfo'
MKDIR_P='/bin/mkdir -p'
OBJEXT='o'
PACKAGE='musg2tool'
PACKAGE_BUGREPORT=''
PACKAGE_NAME='musg2tool'
PACKAGE_STRING='musg2tool 1.0'
PACKAGE_TARNAME='musg2tool'
PACKAGE_URL=''
PACKAGE_VERSION='1.0'
PATH_SEPARATOR=':'
SET_MAKE=''
SHELL='/bin/bash'
STRIP=''
VERSION='1.0'
ac_ct_CC='gcc'
am__EXEEXT_FALSE=''
am__EXEEXT_TRUE='#'
am__fastdepCC_FALSE='#'
am__fastdepCC_TRUE=''
am__include='include'
am__isrc=''
am__leading_dot='.'
am__nodep='_no'
am__quote=''
am__tar='$${TAR-tar} chof - "$$tardir"'
am__untar='$${TAR-tar} xf -'
bindir='${exec_prefix}/bin'
build='x86_64-pc-linux-gnu'
build_alias=''
build_cpu='x86_64'
build_os='linux-gnu'
build_vendor='pc'
datadir='${datarootdir}'
datarootdir='${prefix}/share'
docdir='${datarootdir}/doc/${PACKAGE_TARNAME}'
dvidir='${docdir}'
exec_prefix='${prefix}'
host='x86_64-pc-linux-gnu'
host_alias=''
host_cpu='x86_64'
host_os='linux-gnu'
host_vendor='pc'
htmldir='${docdir}'
includedir='${prefix}/include'
infodir='${datarootdir}/info'
install_sh='${SHELL} /home/xforce/eclipse-workspace-cpp/musg2tool/install-sh'
libdir='${exec_prefix}/lib'
libexecdir='${exec_prefix}/libexec'
localedir='${datarootdir}/locale'
localstatedir='${prefix}/var'
mandir='${datarootdir}/man'
mkdir_p='$(MKDIR_P)'
oldincludedir='/usr/include'
pdfdir='${docdir}'
prefix='/usr/local'
program_transform_name='s,x,x,'
psdir='${docdir}'
runstatedir='${localstatedir}/run'
sbindir='${exec_prefix}/sbin'
sharedstatedir='${prefix}/com'
sysconfdir='${prefix}/etc'
target='x86_64-pc-linux-gnu'
target_alias=''
target_cpu='x86_64'
target_os='linux-gnu'
target_vendor='pc'

## ----------- ##
## confdefs.h. ##
## ----------- ##

/* confdefs.h */
#define PACKAGE_NAME "musg2tool"
#define PACKAGE_TARNAME "musg2tool"
#define PACKAGE_VERSION "1.0"
#define PACKAGE_STRING "musg2tool 1.0"
#define PACKAGE_BUGREPORT ""
#define PACKAGE_URL ""
#define PACKAGE "musg2tool"
#define VERSION "1.0"

configure: exit 0

## ---------------------- ##
## Running config.status. ##
## ---------------------- ##

This file was extended by musg2tool config.status 1.0, which was
generated by GNU Autoconf 2.69.  Invocation command line was

  CONFIG_FILES    = 
  CONFIG_HEADERS  = 
  CONFIG_LINKS    = 
  CONFIG_COMMANDS = 
  $ ./config.status 

on enforcer

config.status:786: creating Makefile
config.status:786: creating src/Makefile
config.status:958: executing depfiles commands
